  main.cpp
e:\4_a_a_gpu_path_tracing\a_gpu_final_tutorial_3\gpu_path_tracing_sang_smooth_normal\vec3.h(127): warning C4805: '==': unsafe mix of type 'bool' and type 'float' in operation
e:\4_a_a_gpu_path_tracing\a_gpu_final_tutorial_3\gpu_path_tracing_sang_smooth_normal\bvh.h(109): warning C4305: 'argument': truncation from 'int' to 'float'
e:\4_a_a_gpu_path_tracing\a_gpu_final_tutorial_3\gpu_path_tracing_sang_smooth_normal\bvh.h(303): warning C4244: 'initializing': conversion from 'int' to 'float', possible loss of data
e:\4_a_a_gpu_path_tracing\a_gpu_final_tutorial_3\gpu_path_tracing_sang_smooth_normal\bvh.h(455): warning C4267: 'initializing': conversion from 'size_t' to 'int', possible loss of data
e:\4_a_a_gpu_path_tracing\a_gpu_final_tutorial_3\gpu_path_tracing_sang_smooth_normal\bvh.h(496): warning C4267: '=': conversion from 'size_t' to 'int', possible loss of data
e:\4_a_a_gpu_path_tracing\a_gpu_final_tutorial_3\gpu_path_tracing_sang_smooth_normal\bvh.h(662): warning C4267: '=': conversion from 'size_t' to 'int', possible loss of data
main.cpp(189): warning C4305: 'argument': truncation from 'double' to 'float'
main.cpp(190): warning C4305: 'argument': truncation from 'double' to 'float'
main.cpp(191): warning C4305: 'argument': truncation from 'double' to 'float'
main.cpp(192): warning C4305: 'argument': truncation from 'double' to 'float'
main.cpp(224): warning C4244: 'argument': conversion from 'double' to 'float', possible loss of data
main.cpp(225): warning C4244: 'argument': conversion from 'double' to 'float', possible loss of data
main.cpp(229): warning C4244: 'argument': conversion from 'double' to 'float', possible loss of data
main.cpp(234): warning C4244: 'argument': conversion from 'double' to 'float', possible loss of data
     Creating library E:\4_a_a_GPU_Path_Tracing\a_GPU_Final_Tutorial_3\GPU_Path_Tracing_3\x64\Release\Gpu_Path_Tracing_Sang_Smooth_Normal.lib and object E:\4_a_a_GPU_Path_Tracing\a_GPU_Final_Tutorial_3\GPU_Path_Tracing_3\x64\Release\Gpu_Path_Tracing_Sang_Smooth_Normal.exp
  Generating code
  41 of 899 functions ( 4.6%) were compiled, the rest were copied from previous compilation.
    0 functions were new in current compilation
    6 functions had inline decision re-evaluated but remain unchanged
  Finished generating code
  Gpu_Path_Tracing_Sang_Smooth_Normal.vcxproj -> E:\4_a_a_GPU_Path_Tracing\a_GPU_Final_Tutorial_3\GPU_Path_Tracing_3\x64\Release\Gpu_Path_Tracing_Sang_Smooth_Normal.exe
  Gpu_Path_Tracing_Sang_Smooth_Normal.vcxproj -> E:\4_a_a_GPU_Path_Tracing\a_GPU_Final_Tutorial_3\GPU_Path_Tracing_3\x64\Release\Gpu_Path_Tracing_Sang_Smooth_Normal.pdb (Full PDB)
